# JRE version: OpenJDK Runtime Environment (8.0_112-b06) (build 1.8.0_112-release-b06)
# Java VM: OpenJDK 64-Bit Server VM (25.112-b06 mixed mode windows-amd64 compressed oops)
Heap:
 PSYoungGen      total 136192K, used 28920K [0x00000000e0000000, 0x00000000e9980000, 0x0000000100000000)
  eden space 124416K, 15% used [0x00000000e0000000,0x00000000e12abc60,0x00000000e7980000)
  from space 11776K, 83% used [0x00000000e8e00000,0x00000000e9792480,0x00000000e9980000)
  to   space 16384K, 0% used [0x00000000e7980000,0x00000000e7980000,0x00000000e8980000)
 ParOldGen       total 68608K, used 26836K [0x00000000a0000000, 0x00000000a4300000, 0x00000000e0000000)
  object space 68608K, 39% used [0x00000000a0000000,0x00000000a1a35070,0x00000000a4300000)
 Metaspace       used 63547K, capacity 65846K, committed 66048K, reserved 1105920K
  class space    used 8136K, capacity 8586K, committed 8704K, reserved 1048576K
GC Heap History (10 events):
Event: 1673.007 GC heap before
{Heap before GC invocations=21 (full 2):
 PSYoungGen      total 157696K, used 154193K [0x00000000e0000000, 0x00000000eaa80000, 0x0000000100000000)
  eden space 144896K, 100% used [0x00000000e0000000,0x00000000e8d80000,0x00000000e8d80000)
  from space 12800K, 72% used [0x00000000e9e00000,0x00000000ea714598,0x00000000eaa80000)
  to   space 14848K, 0% used [0x00000000e8d80000,0x00000000e8d80000,0x00000000e9c00000)
 ParOldGen       total 54272K, used 30399K [0x00000000a0000000, 0x00000000a3500000, 0x00000000e0000000)
  object space 54272K, 56% used [0x00000000a0000000,0x00000000a1dafd58,0x00000000a3500000)
 Metaspace       used 55151K, capacity 57192K, committed 57344K, reserved 1099776K
  class space    used 7154K, capacity 7563K, committed 7680K, reserved 1048576K
Event: 1673.024 GC heap after
Heap after GC invocations=21 (full 2):
 PSYoungGen      total 151552K, used 11954K [0x00000000e0000000, 0x00000000ea700000, 0x0000000100000000)
  eden space 139264K, 0% used [0x00000000e0000000,0x00000000e0000000,0x00000000e8800000)
  from space 12288K, 97% used [0x00000000e8d80000,0x00000000e992c818,0x00000000e9980000)
  to   space 13824K, 0% used [0x00000000e9980000,0x00000000e9980000,0x00000000ea700000)
 ParOldGen       total 54272K, used 30611K [0x00000000a0000000, 0x00000000a3500000, 0x00000000e0000000)
  object space 54272K, 56% used [0x00000000a0000000,0x00000000a1de4d68,0x00000000a3500000)
 Metaspace       used 55151K, capacity 57192K, committed 57344K, reserved 1099776K
  class space    used 7154K, capacity 7563K, committed 7680K, reserved 1048576K
}
Event: 1718.391 GC heap before
{Heap before GC invocations=22 (full 2):
 PSYoungGen      total 151552K, used 151218K [0x00000000e0000000, 0x00000000ea700000, 0x0000000100000000)
  eden space 139264K, 100% used [0x00000000e0000000,0x00000000e8800000,0x00000000e8800000)
  from space 12288K, 97% used [0x00000000e8d80000,0x00000000e992c818,0x00000000e9980000)
  to   space 13824K, 0% used [0x00000000e9980000,0x00000000e9980000,0x00000000ea700000)
 ParOldGen       total 54272K, used 30611K [0x00000000a0000000, 0x00000000a3500000, 0x00000000e0000000)
  object space 54272K, 56% used [0x00000000a0000000,0x00000000a1de4d68,0x00000000a3500000)
 Metaspace       used 56463K, capacity 58614K, committed 58752K, reserved 1099776K
  class space    used 7298K, capacity 7748K, committed 7808K, reserved 1048576K
Event: 1718.449 GC heap after
Heap after GC invocations=22 (full 2):
 PSYoungGen      total 144384K, used 9729K [0x00000000e0000000, 0x00000000ea380000, 0x0000000100000000)
  eden space 134144K, 0% used [0x00000000e0000000,0x00000000e0000000,0x00000000e8300000)
  from space 10240K, 95% used [0x00000000e9980000,0x00000000ea300698,0x00000000ea380000)
  to   space 15872K, 0% used [0x00000000e8480000,0x00000000e8480000,0x00000000e9400000)
 ParOldGen       total 54272K, used 31183K [0x00000000a0000000, 0x00000000a3500000, 0x00000000e0000000)
  object space 54272K, 57% used [0x00000000a0000000,0x00000000a1e73e68,0x00000000a3500000)
 Metaspace       used 56463K, capacity 58614K, committed 58752K, reserved 1099776K
  class space    used 7298K, capacity 7748K, committed 7808K, reserved 1048576K
}
Event: 1722.368 GC heap before
{Heap before GC invocations=23 (full 2):
 PSYoungGen      total 144384K, used 43601K [0x00000000e0000000, 0x00000000ea380000, 0x0000000100000000)
  eden space 134144K, 25% used [0x00000000e0000000,0x00000000e2113e08,0x00000000e8300000)
  from space 10240K, 95% used [0x00000000e9980000,0x00000000ea300698,0x00000000ea380000)
  to   space 15872K, 0% used [0x00000000e8480000,0x00000000e8480000,0x00000000e9400000)
 ParOldGen       total 54272K, used 31183K [0x00000000a0000000, 0x00000000a3500000, 0x00000000e0000000)
  object space 54272K, 57% used [0x00000000a0000000,0x00000000a1e73e68,0x00000000a3500000)
 Metaspace       used 56948K, capacity 59098K, committed 59160K, reserved 1101824K
  class space    used 7367K, capacity 7798K, committed 7808K, reserved 1048576K
Event: 1722.374 GC heap after
Heap after GC invocations=23 (full 2):
 PSYoungGen      total 130048K, used 992K [0x00000000e0000000, 0x00000000e9e00000, 0x0000000100000000)
  eden space 129024K, 0% used [0x00000000e0000000,0x00000000e0000000,0x00000000e7e00000)
  from space 1024K, 96% used [0x00000000e8480000,0x00000000e8578000,0x00000000e8580000)
  to   space 16384K, 0% used [0x00000000e8e00000,0x00000000e8e00000,0x00000000e9e00000)
 ParOldGen       total 54272K, used 34891K [0x00000000a0000000, 0x00000000a3500000, 0x00000000e0000000)
  object space 54272K, 64% used [0x00000000a0000000,0x00000000a2212e20,0x00000000a3500000)
 Metaspace       used 56948K, capacity 59098K, committed 59160K, reserved 1101824K
  class space    used 7367K, capacity 7798K, committed 7808K, reserved 1048576K
}
Event: 1722.374 GC heap before
{Heap before GC invocations=24 (full 3):
 PSYoungGen      total 130048K, used 992K [0x00000000e0000000, 0x00000000e9e00000, 0x0000000100000000)
  eden space 129024K, 0% used [0x00000000e0000000,0x00000000e0000000,0x00000000e7e00000)
  from space 1024K, 96% used [0x00000000e8480000,0x00000000e8578000,0x00000000e8580000)
  to   space 16384K, 0% used [0x00000000e8e00000,0x00000000e8e00000,0x00000000e9e00000)
 ParOldGen       total 54272K, used 34891K [0x00000000a0000000, 0x00000000a3500000, 0x00000000e0000000)
  object space 54272K, 64% used [0x00000000a0000000,0x00000000a2212e20,0x00000000a3500000)
 Metaspace       used 56948K, capacity 59098K, committed 59160K, reserved 1101824K
  class space    used 7367K, capacity 7798K, committed 7808K, reserved 1048576K
Event: 1722.676 GC heap after
Heap after GC invocations=24 (full 3):
 PSYoungGen      total 130048K, used 0K [0x00000000e0000000, 0x00000000e9e00000, 0x0000000100000000)
  eden space 129024K, 0% used [0x00000000e0000000,0x00000000e0000000,0x00000000e7e00000)
  from space 1024K, 0% used [0x00000000e8480000,0x00000000e8480000,0x00000000e8580000)
  to   space 16384K, 0% used [0x00000000e8e00000,0x00000000e8e00000,0x00000000e9e00000)
 ParOldGen       total 68608K, used 26828K [0x00000000a0000000, 0x00000000a4300000, 0x00000000e0000000)
  object space 68608K, 39% used [0x00000000a0000000,0x00000000a1a33070,0x00000000a4300000)
 Metaspace       used 56818K, capacity 58886K, committed 59160K, reserved 1101824K
  class space    used 7345K, capacity 7758K, committed 7808K, reserved 1048576K
}
Event: 1730.756 GC heap before
{Heap before GC invocations=25 (full 3):
 PSYoungGen      total 130048K, used 129024K [0x00000000e0000000, 0x00000000e9e00000, 0x0000000100000000)
  eden space 129024K, 100% used [0x00000000e0000000,0x00000000e7e00000,0x00000000e7e00000)
  from space 1024K, 0% used [0x00000000e8480000,0x00000000e8480000,0x00000000e8580000)
  to   space 16384K, 0% used [0x00000000e8e00000,0x00000000e8e00000,0x00000000e9e00000)
 ParOldGen       total 68608K, used 26828K [0x00000000a0000000, 0x00000000a4300000, 0x00000000e0000000)
  object space 68608K, 39% used [0x00000000a0000000,0x00000000a1a33070,0x00000000a4300000)
 Metaspace       used 62556K, capacity 64794K, committed 65152K, reserved 1105920K
  class space    used 8035K, capacity 8462K, committed 8576K, reserved 1048576K
Event: 1730.765 GC heap after
Heap after GC invocations=25 (full 3):
 PSYoungGen      total 136192K, used 9801K [0x00000000e0000000, 0x00000000e9980000, 0x0000000100000000)
  eden space 124416K, 0% used [0x00000000e0000000,0x00000000e0000000,0x00000000e7980000)
  from space 11776K, 83% used [0x00000000e8e00000,0x00000000e9792480,0x00000000e9980000)
  to   space 16384K, 0% used [0x00000000e7980000,0x00000000e7980000,0x00000000e8980000)
 ParOldGen       total 68608K, used 26836K [0x00000000a0000000, 0x00000000a4300000, 0x00000000e0000000)
  object space 68608K, 39% used [0x00000000a0000000,0x00000000a1a35070,0x00000000a4300000)
 Metaspace       used 62556K, capacity 64794K, committed 65152K, reserved 1105920K
  class space    used 8035K, capacity 8462K, committed 8576K, reserved 1048576K
}

